<?xml version="1.0" encoding="UTF-8"?>
<testsuites name="Booking" time="19.043" tests="5" failures="0" errors="0">
   <testsuite name="Booking" tests="5" failures="0" errors="0" time="19.043" skipped="0" timestamp="2023-04-27 14:42:39" hostname="LENOVO - DESKTOP-0EH6HA0" id="Test Suites/Booking">
      <properties>
         <property name="deviceName" value=""/>
         <property name="devicePlatform" value=""/>
         <property name="logFolder" value="C:\\Users\\LENOVO\\git\\Katalon-API-Testing\\Reports\\20230427_144230\\Booking\\20230427_144230"/>
         <property name="logFiles" value="C:\\Users\\LENOVO\\git\\Katalon-API-Testing\\Reports\\20230427_144230\\Booking\\20230427_144230\\execution0.log"/>
         <property name="attachments" value=""/>
         <property name="hostName" value="LENOVO - DESKTOP-0EH6HA0"/>
         <property name="hostAddress" value="192.168.225.170"/>
         <property name="os" value="Windows 10 64bit"/>
         <property name="katalonVersion" value="8.5.5.208"/>
      </properties>
      <testcase name="Test Cases/BOOKING/CreateBooking" time="7.267" classname="Test Cases/BOOKING/CreateBooking" status="PASSED">
         <system-out><![CDATA[2023-04-27 14:42:40 - [TEST_CASE][PASSED] - Test Cases/BOOKING/CreateBooking: Test Cases/BOOKING/CreateBooking

2023-04-27 14:42:40 - [TEST_STEP][PASSED] - sendRequest(findTestObject("BOOKING/CreateBooking")): Send request successfully

2023-04-27 14:42:47 - [MESSAGE][INFO] - HAR: C:\Users\LENOVO\git\Katalon-API-Testing\Reports\20230427_144230\Booking\20230427_144230\requests\main\0.har

2023-04-27 14:42:47 - [MESSAGE][PASSED] - Send request successfully]]></system-out>
         <system-err><![CDATA[]]></system-err>
      </testcase>
      <testcase name="Test Cases/BOOKING/GetBooking" time="2.116" classname="Test Cases/BOOKING/GetBooking" status="PASSED">
         <system-out><![CDATA[2023-04-27 14:42:47 - [TEST_CASE][PASSED] - Test Cases/BOOKING/GetBooking: Test Cases/BOOKING/GetBooking

2023-04-27 14:42:47 - [TEST_STEP][PASSED] - sendRequest(findTestObject("BOOKING/GetBooking")): Send request successfully

2023-04-27 14:42:49 - [MESSAGE][INFO] - HAR: C:\Users\LENOVO\git\Katalon-API-Testing\Reports\20230427_144230\Booking\20230427_144230\requests\main\1.har

2023-04-27 14:42:49 - [MESSAGE][PASSED] - Send request successfully]]></system-out>
         <system-err><![CDATA[]]></system-err>
      </testcase>
      <testcase name="Test Cases/BOOKING/GetBookingIds" time="4.898" classname="Test Cases/BOOKING/GetBookingIds" status="PASSED">
         <system-out><![CDATA[2023-04-27 14:42:49 - [TEST_CASE][PASSED] - Test Cases/BOOKING/GetBookingIds: Test Cases/BOOKING/GetBookingIds

2023-04-27 14:42:50 - [TEST_STEP][PASSED] - sendRequest(findTestObject("BOOKING/GetBookingIds")): Send request successfully

2023-04-27 14:42:54 - [MESSAGE][INFO] - HAR: C:\Users\LENOVO\git\Katalon-API-Testing\Reports\20230427_144230\Booking\20230427_144230\requests\main\2.har

2023-04-27 14:42:54 - [MESSAGE][PASSED] - Send request successfully]]></system-out>
         <system-err><![CDATA[]]></system-err>
      </testcase>
      <testcase name="Test Cases/BOOKING/PartialUpdateBooking" time="2.247" classname="Test Cases/BOOKING/PartialUpdateBooking" status="PASSED">
         <system-out><![CDATA[2023-04-27 14:42:54 - [TEST_CASE][PASSED] - Test Cases/BOOKING/PartialUpdateBooking: Test Cases/BOOKING/PartialUpdateBooking

2023-04-27 14:42:54 - [TEST_STEP][PASSED] - sendRequest(findTestObject("BOOKING/PartialUpdateBooking")): Send request successfully

2023-04-27 14:42:56 - [MESSAGE][INFO] - HAR: C:\Users\LENOVO\git\Katalon-API-Testing\Reports\20230427_144230\Booking\20230427_144230\requests\main\3.har

2023-04-27 14:42:56 - [MESSAGE][PASSED] - Send request successfully]]></system-out>
         <system-err><![CDATA[]]></system-err>
      </testcase>
      <testcase name="Test Cases/BOOKING/UpdateBooking" time="1.833" classname="Test Cases/BOOKING/UpdateBooking" status="PASSED">
         <system-out><![CDATA[2023-04-27 14:42:56 - [TEST_CASE][PASSED] - Test Cases/BOOKING/UpdateBooking: Test Cases/BOOKING/UpdateBooking

2023-04-27 14:42:57 - [TEST_STEP][PASSED] - sendRequest(findTestObject("BOOKING/UpdateBooking")): Send request successfully

2023-04-27 14:42:58 - [MESSAGE][INFO] - HAR: C:\Users\LENOVO\git\Katalon-API-Testing\Reports\20230427_144230\Booking\20230427_144230\requests\main\4.har

2023-04-27 14:42:58 - [MESSAGE][PASSED] - Send request successfully]]></system-out>
         <system-err><![CDATA[]]></system-err>
      </testcase>
      <system-out><![CDATA[2023-04-27 14:42:39 - [TEST_SUITE][PASSED] - Booking: Test Cases/BOOKING/UpdateBooking]]></system-out>
      <system-err><![CDATA[]]></system-err>
   </testsuite>
</testsuites>
