<?xml version="1.0" encoding="UTF-8"?>
<testsuites name="Auth" time="10.465" tests="1" failures="0" errors="0">
   <testsuite name="Auth" tests="1" failures="0" errors="0" time="10.465" skipped="0" timestamp="2023-04-28 14:03:43" hostname="LENOVO - DESKTOP-0EH6HA0" id="Test Suites/Auth">
      <properties>
         <property name="deviceName" value=""/>
         <property name="devicePlatform" value=""/>
         <property name="logFolder" value="C:\\Users\\LENOVO\\git\\Katalon-API-Testing\\Reports\\20230428_140337\\Auth\\20230428_140337"/>
         <property name="logFiles" value="C:\\Users\\LENOVO\\git\\Katalon-API-Testing\\Reports\\20230428_140337\\Auth\\20230428_140337\\execution0.log"/>
         <property name="attachments" value=""/>
         <property name="hostName" value="LENOVO - DESKTOP-0EH6HA0"/>
         <property name="hostAddress" value="192.168.225.20"/>
         <property name="os" value="Windows 10 64bit"/>
         <property name="katalonVersion" value="8.5.5.208"/>
      </properties>
      <testcase name="Test Cases/AUTH/Create Token" time="9.925" classname="Test Cases/AUTH/Create Token" status="PASSED">
         <system-out><![CDATA[2023-04-28 14:03:43 - [TEST_CASE][PASSED] - Test Cases/AUTH/Create Token: Test Cases/AUTH/Create Token

2023-04-28 14:03:45 - [TEST_STEP][PASSED] - sendRequest(findTestObject("AUTH/Auth - CreateToken")): Send request successfully

2023-04-28 14:03:53 - [MESSAGE][INFO] - HAR: C:\Users\LENOVO\git\Katalon-API-Testing\Reports\20230428_140337\Auth\20230428_140337\requests\main\0.har

2023-04-28 14:03:53 - [MESSAGE][PASSED] - Send request successfully]]></system-out>
         <system-err><![CDATA[]]></system-err>
      </testcase>
      <system-out><![CDATA[2023-04-28 14:03:43 - [TEST_SUITE][PASSED] - Auth: Test Cases/AUTH/Create Token]]></system-out>
      <system-err><![CDATA[]]></system-err>
   </testsuite>
</testsuites>
