<?xml version="1.0" encoding="UTF-8"?>
<testsuites name="Ping" time="7.435" tests="1" failures="0" errors="0">
   <testsuite name="Ping" tests="1" failures="0" errors="0" time="7.435" skipped="0" timestamp="2023-04-27 14:42:42" hostname="LENOVO - DESKTOP-0EH6HA0" id="Test Suites/Ping">
      <properties>
         <property name="deviceName" value=""/>
         <property name="devicePlatform" value=""/>
         <property name="logFolder" value="C:\\Users\\LENOVO\\git\\Katalon-API-Testing\\Reports\\20230427_144234\\Ping\\20230427_144234"/>
         <property name="logFiles" value="C:\\Users\\LENOVO\\git\\Katalon-API-Testing\\Reports\\20230427_144234\\Ping\\20230427_144234\\execution0.log"/>
         <property name="attachments" value=""/>
         <property name="hostName" value="LENOVO - DESKTOP-0EH6HA0"/>
         <property name="hostAddress" value="192.168.225.170"/>
         <property name="os" value="Windows 10 64bit"/>
         <property name="katalonVersion" value="8.5.5.208"/>
      </properties>
      <testcase name="Test Cases/PING/HealthCheck" time="6.325" classname="Test Cases/PING/HealthCheck" status="PASSED">
         <system-out><![CDATA[2023-04-27 14:42:43 - [TEST_CASE][PASSED] - Test Cases/PING/HealthCheck: Test Cases/PING/HealthCheck

2023-04-27 14:42:44 - [TEST_STEP][PASSED] - sendRequest(findTestObject("PING/HealthCheck")): Send request successfully

2023-04-27 14:42:49 - [MESSAGE][INFO] - HAR: C:\Users\LENOVO\git\Katalon-API-Testing\Reports\20230427_144234\Ping\20230427_144234\requests\main\0.har

2023-04-27 14:42:49 - [MESSAGE][PASSED] - Send request successfully]]></system-out>
         <system-err><![CDATA[]]></system-err>
      </testcase>
      <system-out><![CDATA[2023-04-27 14:42:42 - [TEST_SUITE][PASSED] - Ping: Test Cases/PING/HealthCheck]]></system-out>
      <system-err><![CDATA[]]></system-err>
   </testsuite>
</testsuites>
