<?xml version="1.0" encoding="UTF-8"?>
<testsuites name="Booking" time="40.174" tests="6" failures="0" errors="0">
   <testsuite name="Booking" tests="6" failures="0" errors="0" time="40.174" skipped="0" timestamp="2023-04-28 14:03:25" hostname="LENOVO - DESKTOP-0EH6HA0" id="Test Suites/Booking">
      <properties>
         <property name="deviceName" value=""/>
         <property name="devicePlatform" value=""/>
         <property name="logFolder" value="C:\\Users\\LENOVO\\git\\Katalon-API-Testing\\Reports\\20230428_140319\\Booking\\20230428_140319"/>
         <property name="logFiles" value="C:\\Users\\LENOVO\\git\\Katalon-API-Testing\\Reports\\20230428_140319\\Booking\\20230428_140319\\execution0.log"/>
         <property name="attachments" value=""/>
         <property name="hostName" value="LENOVO - DESKTOP-0EH6HA0"/>
         <property name="hostAddress" value="192.168.225.20"/>
         <property name="os" value="Windows 10 64bit"/>
         <property name="katalonVersion" value="8.5.5.208"/>
      </properties>
      <testcase name="Test Cases/BOOKING/CreateBooking" time="8.325" classname="Test Cases/BOOKING/CreateBooking" status="PASSED">
         <system-out><![CDATA[2023-04-28 14:03:26 - [TEST_CASE][PASSED] - Test Cases/BOOKING/CreateBooking: Test Cases/BOOKING/CreateBooking

2023-04-28 14:03:27 - [TEST_STEP][PASSED] - sendRequest(findTestObject("BOOKING/CreateBooking")): Send request successfully

2023-04-28 14:03:34 - [MESSAGE][INFO] - HAR: C:\Users\LENOVO\git\Katalon-API-Testing\Reports\20230428_140319\Booking\20230428_140319\requests\main\0.har

2023-04-28 14:03:34 - [MESSAGE][PASSED] - Send request successfully]]></system-out>
         <system-err><![CDATA[]]></system-err>
      </testcase>
      <testcase name="Test Cases/BOOKING/GetBooking" time="2.454" classname="Test Cases/BOOKING/GetBooking" status="PASSED">
         <system-out><![CDATA[2023-04-28 14:03:34 - [TEST_CASE][PASSED] - Test Cases/BOOKING/GetBooking: Test Cases/BOOKING/GetBooking

2023-04-28 14:03:35 - [TEST_STEP][PASSED] - sendRequest(findTestObject("BOOKING/GetBooking")): Send request successfully

2023-04-28 14:03:37 - [MESSAGE][INFO] - HAR: C:\Users\LENOVO\git\Katalon-API-Testing\Reports\20230428_140319\Booking\20230428_140319\requests\main\1.har

2023-04-28 14:03:37 - [MESSAGE][PASSED] - Send request successfully]]></system-out>
         <system-err><![CDATA[]]></system-err>
      </testcase>
      <testcase name="Test Cases/BOOKING/GetBookingIds" time="19.704" classname="Test Cases/BOOKING/GetBookingIds" status="PASSED">
         <system-out><![CDATA[2023-04-28 14:03:37 - [TEST_CASE][PASSED] - Test Cases/BOOKING/GetBookingIds: Test Cases/BOOKING/GetBookingIds

2023-04-28 14:03:38 - [TEST_STEP][PASSED] - sendRequest(findTestObject("BOOKING/GetBookingIds")): Send request successfully

2023-04-28 14:03:56 - [MESSAGE][INFO] - HAR: C:\Users\LENOVO\git\Katalon-API-Testing\Reports\20230428_140319\Booking\20230428_140319\requests\main\2.har

2023-04-28 14:03:57 - [MESSAGE][PASSED] - Send request successfully]]></system-out>
         <system-err><![CDATA[]]></system-err>
      </testcase>
      <testcase name="Test Cases/BOOKING/PartialUpdateBooking" time="2.892" classname="Test Cases/BOOKING/PartialUpdateBooking" status="PASSED">
         <system-out><![CDATA[2023-04-28 14:03:57 - [TEST_CASE][PASSED] - Test Cases/BOOKING/PartialUpdateBooking: Test Cases/BOOKING/PartialUpdateBooking

2023-04-28 14:03:57 - [TEST_STEP][PASSED] - sendRequest(findTestObject("BOOKING/PartialUpdateBooking")): Send request successfully

2023-04-28 14:03:59 - [MESSAGE][INFO] - HAR: C:\Users\LENOVO\git\Katalon-API-Testing\Reports\20230428_140319\Booking\20230428_140319\requests\main\3.har

2023-04-28 14:03:59 - [MESSAGE][PASSED] - Send request successfully]]></system-out>
         <system-err><![CDATA[]]></system-err>
      </testcase>
      <testcase name="Test Cases/BOOKING/UpdateBooking" time="3.66" classname="Test Cases/BOOKING/UpdateBooking" status="PASSED">
         <system-out><![CDATA[2023-04-28 14:03:59 - [TEST_CASE][PASSED] - Test Cases/BOOKING/UpdateBooking: Test Cases/BOOKING/UpdateBooking

2023-04-28 14:04:00 - [TEST_STEP][PASSED] - sendRequest(findTestObject("BOOKING/UpdateBooking")): Send request successfully

2023-04-28 14:04:03 - [MESSAGE][INFO] - HAR: C:\Users\LENOVO\git\Katalon-API-Testing\Reports\20230428_140319\Booking\20230428_140319\requests\main\4.har

2023-04-28 14:04:03 - [MESSAGE][PASSED] - Send request successfully]]></system-out>
         <system-err><![CDATA[]]></system-err>
      </testcase>
      <testcase name="Test Cases/BOOKING/DeleteBooking" time="2.399" classname="Test Cases/BOOKING/DeleteBooking" status="PASSED">
         <system-out><![CDATA[2023-04-28 14:04:03 - [TEST_CASE][PASSED] - Test Cases/BOOKING/DeleteBooking: Test Cases/BOOKING/DeleteBooking

2023-04-28 14:04:04 - [TEST_STEP][PASSED] - sendRequest(findTestObject("BOOKING/DeleteBooking")): Send request successfully

2023-04-28 14:04:06 - [MESSAGE][INFO] - HAR: C:\Users\LENOVO\git\Katalon-API-Testing\Reports\20230428_140319\Booking\20230428_140319\requests\main\5.har

2023-04-28 14:04:06 - [MESSAGE][PASSED] - Send request successfully]]></system-out>
         <system-err><![CDATA[]]></system-err>
      </testcase>
      <system-out><![CDATA[2023-04-28 14:03:25 - [TEST_SUITE][PASSED] - Booking: Test Cases/BOOKING/DeleteBooking]]></system-out>
      <system-err><![CDATA[]]></system-err>
   </testsuite>
</testsuites>
